<?xml version="1.0" encoding="UTF-8"?>
<!-- Generated by org.testng.reporters.JUnitReportReporter -->
<testsuite hostname="Ruchita-Podugu" failures="0" tests="1" name="Tests.Flipkart_FlowTest" time="3.595" errors="0" timestamp="2024-03-10T14:22:33 IST" skipped="0">
  <testcase classname="Tests.Flipkart_FlowTest" name="Flipkart" time="3.595"/>
  <system-out/>
</testsuite> <!-- Tests.Flipkart_FlowTest -->
